1513717848597|30|statement|connection 0|select * from user_details where userid = ?|select * from user_details where userid = 'secured'
1513717964340|28|statement|connection 0|select * from user_details where userid = ?|select * from user_details where userid = 'secured'
1513729471160|36|statement|connection 0|select * from "0/5xCJ01xKEm4GhPhRRDRw==" where userid = ?|select * from "0/5xCJ01xKEm4GhPhRRDRw==" where userid = 'secured'
1513729487850|36|statement|connection 0|select * from "0/5xCJ01xKEm4GhPhRRDRw==" where userid = ?|select * from "0/5xCJ01xKEm4GhPhRRDRw==" where userid = 'secured'
1513781505281|37|statement|connection 0|select * from "0/5xCJ01xKEm4GhPhRRDRw==" where userid = ?|select * from "0/5xCJ01xKEm4GhPhRRDRw==" where userid = 'secured'
1513782032587|33|statement|connection 0|select * from "0/5xCJ01xKEm4GhPhRRDRw==" where userid = ?|select * from "0/5xCJ01xKEm4GhPhRRDRw==" where userid = 'secured'
1513782032699|102|statement|connection 1|select * from customer where c_name = ?|select * from customer where c_name = 'Customer#000000003'
1513812180100|38|statement|connection 0|select * from "0/5xCJ01xKEm4GhPhRRDRw==" where userid = ?|select * from "0/5xCJ01xKEm4GhPhRRDRw==" where userid = 'secured'
1513812180291|183|statement|connection 1|select * from customer where c_name = ?|select * from customer where c_name = 'Customer#000000003'
1513812231346|29|statement|connection 0|select * from "0/5xCJ01xKEm4GhPhRRDRw==" where userid = ?|select * from "0/5xCJ01xKEm4GhPhRRDRw==" where userid = 'secured'
1513812231453|100|statement|connection 1|select * from customer where c_name = ?|select * from customer where c_name = 'Customer#000000003'
1513812282616|33|statement|connection 0|select * from "0/5xCJ01xKEm4GhPhRRDRw==" where userid = ?|select * from "0/5xCJ01xKEm4GhPhRRDRw==" where userid = 'secured'
1513812282719|95|statement|connection 1|select * from customer where c_name = ?|select * from customer where c_name = 'Customer#000000003'
1513812370644|50|statement|connection 0|select * from "0/5xCJ01xKEm4GhPhRRDRw==" where userid = ?|select * from "0/5xCJ01xKEm4GhPhRRDRw==" where userid = 'secured'
1513812492302|44|statement|connection 0|select * from "0/5xCJ01xKEm4GhPhRRDRw==" where userid = ?|select * from "0/5xCJ01xKEm4GhPhRRDRw==" where userid = 'secured'
1513812969504|35|statement|connection 0|select * from "0/5xCJ01xKEm4GhPhRRDRw==" where userid = ?|select * from "0/5xCJ01xKEm4GhPhRRDRw==" where userid = 'secured'
1513812969611|100|statement|connection 1|select * from customer where c_name = ?|select * from customer where c_name = 'Customer#000000003'
1514039411696|39|statement|connection 0|select * from "0/5xCJ01xKEm4GhPhRRDRw==" where userid = ?|select * from "0/5xCJ01xKEm4GhPhRRDRw==" where userid = 'secured'
1514039411812|103|statement|connection 1|select * from customer where c_name = ?|select * from customer where c_name = 'Customer#000000003'
1514040969766|36|statement|connection 0|select * from "0/5xCJ01xKEm4GhPhRRDRw==" where userid = ?|select * from "0/5xCJ01xKEm4GhPhRRDRw==" where userid = 'secured'
1514040969875|101|statement|connection 1|select * from customer where c_name = ?|select * from customer where c_name = 'Customer#000000003'
1514041928947|33|statement|connection 0|select * from "0/5xCJ01xKEm4GhPhRRDRw==" where userid = ?|select * from "0/5xCJ01xKEm4GhPhRRDRw==" where userid = 'secured'
1514041929060|100|statement|connection 1|select * from customer where c_name = ?|select * from customer where c_name = 'Customer#000000003'
1514044030195|31|statement|connection 0|select * from "0/5xCJ01xKEm4GhPhRRDRw==" where userid = ?|select * from "0/5xCJ01xKEm4GhPhRRDRw==" where userid = 'secured'
1514044030321|101|statement|connection 1|select * from customer where c_name = ?|select * from customer where c_name = 'Customer#000000003'
1514044047647|33|statement|connection 0|select * from "0/5xCJ01xKEm4GhPhRRDRw==" where userid = ?|select * from "0/5xCJ01xKEm4GhPhRRDRw==" where userid = 'secured'
1514044047759|95|statement|connection 1|select * from customer where c_name = ?|select * from customer where c_name = 'Customer#000000003'
1514045181787|66|statement|connection 0|select * from "0/5xCJ01xKEm4GhPhRRDRw==" where userid = ?|select * from "0/5xCJ01xKEm4GhPhRRDRw==" where userid = 'secured'
1514045208125|301|statement|connection 0|select * from "0/5xCJ01xKEm4GhPhRRDRw==" where userid = ?|select * from "0/5xCJ01xKEm4GhPhRRDRw==" where userid = 'secured'
1514054252084|32|statement|connection 0|select * from "0/5xCJ01xKEm4GhPhRRDRw==" where userid = ?|select * from "0/5xCJ01xKEm4GhPhRRDRw==" where userid = 'secured'
1514054252191|98|statement|connection 1|select * from customer where c_name = ?|select * from customer where c_name = 'Customer#000000003'
1514068472268|32|statement|connection 0|select * from "0/5xCJ01xKEm4GhPhRRDRw==" where userid = ?|select * from "0/5xCJ01xKEm4GhPhRRDRw==" where userid = 'secured'
1514068472386|103|statement|connection 1|select * from customer where c_name = ?|select * from customer where c_name = 'Customer#000000003'
1514069577914|26|statement|connection 0|select * from "0/5xCJ01xKEm4GhPhRRDRw==" where userid = ?|select * from "0/5xCJ01xKEm4GhPhRRDRw==" where userid = 'secured'
1514069578029|104|statement|connection 1|select * from customer where c_name = ?|select * from customer where c_name = 'Customer#000000003'
1514069640833|28|statement|connection 0|select * from "0/5xCJ01xKEm4GhPhRRDRw==" where userid = ?|select * from "0/5xCJ01xKEm4GhPhRRDRw==" where userid = 'secured'
1514069640946|103|statement|connection 1|select * from customer where c_name = ?|select * from customer where c_name = 'Customer#000000003'
1514069800295|37|statement|connection 0|select * from "0/5xCJ01xKEm4GhPhRRDRw==" where userid = ?|select * from "0/5xCJ01xKEm4GhPhRRDRw==" where userid = 'secured'
1514069800407|100|statement|connection 1|select * from customer where c_name = ?|select * from customer where c_name = 'Customer#000000003'
1514069885123|29|statement|connection 0|select userid from "0/5xCJ01xKEm4GhPhRRDRw==" where userid = ?|select userid from "0/5xCJ01xKEm4GhPhRRDRw==" where userid = 'secured'
1514069885233|98|statement|connection 1|select * from customer where c_name = ?|select * from customer where c_name = 'Customer#000000003'
1514069942489|29|statement|connection 0|select userid from "0/5xCJ01xKEm4GhPhRRDRw==" where userid = ?|select userid from "0/5xCJ01xKEm4GhPhRRDRw==" where userid = 'secured'
1514069942598|100|statement|connection 1|select * from customer where c_name = ?|select * from customer where c_name = 'Customer#000000003'
1514071952844|36|statement|connection 0|select userid from user_details where userid = ?|select userid from user_details where userid = 'secured'
1514071952948|95|statement|connection 1|select * from customer where c_name = ?|select * from customer where c_name = 'Customer#000000003'
1514072006669|27|statement|connection 0|select userid from user_details where userid = ?|select userid from user_details where userid = 'secured'
1514072006779|101|statement|connection 1|select * from customer where c_name = ?|select * from customer where c_name = 'Customer#000000003'
1514072062868|28|statement|connection 0|select userid from user_details where userid = ?|select userid from user_details where userid = 'secured'
1514072062971|97|statement|connection 1|select * from customer where c_name = ?|select * from customer where c_name = 'Customer#000000003'
1514072245660|25|statement|connection 0|select userid from user_details where userid = ?|select userid from user_details where userid = 'secured'
1514072245764|94|statement|connection 1|select * from customer where c_name = ?|select * from customer where c_name = 'Customer#000000003'
1514072419369|23|statement|connection 0|select userid from user_details where userid = ?|select userid from user_details where userid = 'secured'
1514072511778|27|statement|connection 0|select userid from user_details where userid = ?|select userid from user_details where userid = 'secured'
1514072582360|61|statement|connection 0|select userid from user_details where userid = ?|select userid from user_details where userid = 'secured'
1514072638743|39|statement|connection 0|select userid from user_details where userid = ?|select userid from user_details where userid = 'secured'
1514072938178|27|statement|connection 0|select userid from "0/5xCJ01xKEm4GhPhRRDRw==" where userid = ?|select userid from "0/5xCJ01xKEm4GhPhRRDRw==" where userid = 'secured'
1514073196881|24|statement|connection 0|select * from customer where "wJGgQKi8zmMCXoJIgDZBAw==" = ?|select * from customer where "wJGgQKi8zmMCXoJIgDZBAw==" = 'Customer#000000003'
1514073196927|29|statement|connection 0|select * from customer where "wJGgQKi8zmMCXoJIgDZBAw==" = ?|select * from customer where "wJGgQKi8zmMCXoJIgDZBAw==" = 'Customer#000000003'
1514075467557|29|statement|connection 0|select * from customer where c_name = ?|select * from customer where c_name = 'Customer#000000003'
1514075467586|22|statement|connection 0|select * from customer where c_name = ?|select * from customer where c_name = 'Customer#000000003'
1514076296347|64|statement|connection 0|select * from customer where c_name = ?|select * from customer where c_name = 'Customer#000000003'
1514076296415|54|statement|connection 0|select * from customer where c_name = ?|select * from customer where c_name = 'Customer#000000003'
1514076382329|58|statement|connection 0|select * from customer where c_name = ?|select * from customer where c_name = 'Customer#000000003'
1514076976374|62|statement|connection 0|select * from customer where c_name = ?|select * from customer where c_name = 'Customer#000000003'
1514077053978|62|statement|connection 0|select * from customer where c_name = ?|select * from customer where c_name = 'Customer#000000003'
1514078494980|63|statement|connection 0|select * from customer where c_name = ?|select * from customer where c_name = 'Customer#000000003'
1514078613534|59|statement|connection 0|select * from OOCKE1_PRODUCT where "iN49D6GC5guPO1NwQkZ9KQ==" = ? |select * from OOCKE1_PRODUCT where "iN49D6GC5guPO1NwQkZ9KQ==" = 'product/CRX/Standard/RHAAOER8L4ZJA1IE83KXQ5ID0' 
1514078613601|55|statement|connection 0|select * from customer where c_name = ?|select * from customer where c_name = 'Customer#000000003'
1514078752096|62|statement|connection 0|select * from OOCKE1_PRODUCT where "iN49D6GC5guPO1NwQkZ9KQ==" = ? |select * from OOCKE1_PRODUCT where "iN49D6GC5guPO1NwQkZ9KQ==" = 'product/CRX/Standard/RHAAOER8L4ZJA1IE83KXQ5ID0' 
1514078752154|50|statement|connection 0|select * from customer where c_name = ?|select * from customer where c_name = 'Customer#000000003'
1514078790351|67|statement|connection 0|select * from OOCKE1_PRODUCT where "iN49D6GC5guPO1NwQkZ9KQ==" = ? |select * from OOCKE1_PRODUCT where "iN49D6GC5guPO1NwQkZ9KQ==" = 'product/CRX/Standard/RHAAOER8L4ZJA1IE83KXQ5ID0' 
1514078790418|59|statement|connection 0|select * from customer where c_name = ?|select * from customer where c_name = 'Customer#000000003'
1514079434207|61|statement|connection 0|select * from OOCKE1_PRODUCT where "iN49D6GC5guPO1NwQkZ9KQ==" = ? |select * from OOCKE1_PRODUCT where "iN49D6GC5guPO1NwQkZ9KQ==" = 'product/CRX/Standard/RHAAOER8L4ZJA1IE83KXQ5ID0' 
1514079434276|54|statement|connection 0|select * from customer where c_name = ?|select * from customer where c_name = 'Customer#000000003'
1514079618197|69|statement|connection 0|select * from OOCKE1_PRODUCT where "iN49D6GC5guPO1NwQkZ9KQ==" = ? |select * from OOCKE1_PRODUCT where "iN49D6GC5guPO1NwQkZ9KQ==" = 'product/CRX/Standard/RHAAOER8L4ZJA1IE83KXQ5ID0' 
1514079618266|61|statement|connection 0|select * from customer where c_name = ?|select * from customer where c_name = 'Customer#000000003'
1514079724269|61|statement|connection 0|select * from OOCKE1_PRODUCT where "iN49D6GC5guPO1NwQkZ9KQ==" = ? |select * from OOCKE1_PRODUCT where "iN49D6GC5guPO1NwQkZ9KQ==" = 'product/CRX/Standard/RHAAOER8L4ZJA1IE83KXQ5ID0' 
1514079724336|59|statement|connection 0|select * from customer where c_name = ?|select * from customer where c_name = 'Customer#000000003'
1514080087739|56|statement|connection 0|select * from OOCKE1_PRODUCT where "iN49D6GC5guPO1NwQkZ9KQ==" = ? |select * from OOCKE1_PRODUCT where "iN49D6GC5guPO1NwQkZ9KQ==" = 'product/CRX/Standard/RHAAOER8L4ZJA1IE83KXQ5ID0' 
1514080087787|40|statement|connection 0|select * from customer where c_name = ?|select * from customer where c_name = 'Customer#000000003'
1514080194936|64|statement|connection 0|select * from OOCKE1_PRODUCT where "iN49D6GC5guPO1NwQkZ9KQ==" = ? |select * from OOCKE1_PRODUCT where "iN49D6GC5guPO1NwQkZ9KQ==" = 'product/CRX/Standard/RHAAOER8L4ZJA1IE83KXQ5ID0' 
1514080195003|58|statement|connection 0|select * from customer where c_name = ?|select * from customer where c_name = 'Customer#000000003'
1514080251082|69|statement|connection 0|select * from OOCKE1_PRODUCT where "iN49D6GC5guPO1NwQkZ9KQ==" = ? |select * from OOCKE1_PRODUCT where "iN49D6GC5guPO1NwQkZ9KQ==" = 'product/CRX/Standard/RHAAOER8L4ZJA1IE83KXQ5ID0' 
1514080251149|60|statement|connection 0|select * from customer where c_name = ?|select * from customer where c_name = 'Customer#000000003'
1514080385140|61|statement|connection 0|select * from OOCKE1_PRODUCT where "iN49D6GC5guPO1NwQkZ9KQ==" = ? |select * from OOCKE1_PRODUCT where "iN49D6GC5guPO1NwQkZ9KQ==" = 'product/CRX/Standard/RHAAOER8L4ZJA1IE83KXQ5ID0' 
1514080385199|51|statement|connection 0|select * from customer where c_name = ?|select * from customer where c_name = 'Customer#000000003'
1514080724199|116|statement|connection 0|select * from OOCKE1_PRODUCT where "iN49D6GC5guPO1NwQkZ9KQ==" = ? |select * from OOCKE1_PRODUCT where "iN49D6GC5guPO1NwQkZ9KQ==" = 'product/CRX/Standard/RHAAOER8L4ZJA1IE83KXQ5ID0' 
1514080724292|85|statement|connection 0|select * from customer where c_name = ?|select * from customer where c_name = 'Customer#000000003'
1514080800616|65|statement|connection 0|select * from OOCKE1_PRODUCT where "iN49D6GC5guPO1NwQkZ9KQ==" = ? |select * from OOCKE1_PRODUCT where "iN49D6GC5guPO1NwQkZ9KQ==" = 'product/CRX/Standard/RHAAOER8L4ZJA1IE83KXQ5ID0' 
1514080800676|52|statement|connection 0|select * from customer where c_name = ?|select * from customer where c_name = 'Customer#000000003'
1514081851634|58|statement|connection 0|select * from `xUlY7tmoE47siU9STgk5tQ==` where `iN49D6GC5guPO1NwQkZ9KQ==` = ? |select * from `xUlY7tmoE47siU9STgk5tQ==` where `iN49D6GC5guPO1NwQkZ9KQ==` = 'product/CRX/Standard/RHAAOER8L4ZJA1IE83KXQ5ID0' 
1514081851703|60|statement|connection 0|select * from customer where c_name = ?|select * from customer where c_name = 'Customer#000000003'
1514083053438|43726|statement|connection 0|select * from `xUlY7tmoE47siU9STgk5tQ==` where `iN49D6GC5guPO1NwQkZ9KQ==` = ? |select * from `xUlY7tmoE47siU9STgk5tQ==` where `iN49D6GC5guPO1NwQkZ9KQ==` = 'product/CRX/Standard/RHAAOER8L4ZJA1IE83KXQ5ID0' 
1514083130874|63|statement|connection 0|select * from `xUlY7tmoE47siU9STgk5tQ==` where `iN49D6GC5guPO1NwQkZ9KQ==` = ? |select * from `xUlY7tmoE47siU9STgk5tQ==` where `iN49D6GC5guPO1NwQkZ9KQ==` = '`product/CRX/Standard/RHAAOER8L4ZJA1IE83KXQ5ID0`' 
1514083130942|59|statement|connection 0|select * from customer where c_name = ?|select * from customer where c_name = 'Customer#000000003'
1514083175753|63|statement|connection 0|select * from `xUlY7tmoE47siU9STgk5tQ==` where `iN49D6GC5guPO1NwQkZ9KQ==` = ? |select * from `xUlY7tmoE47siU9STgk5tQ==` where `iN49D6GC5guPO1NwQkZ9KQ==` = 'product' 
1514083175811|51|statement|connection 0|select * from customer where c_name = ?|select * from customer where c_name = 'Customer#000000003'
1514083345029|3526|statement|connection 0|select * from `xUlY7tmoE47siU9STgk5tQ==` where `iN49D6GC5guPO1NwQkZ9KQ==` = `AuB2TA3mu8RP9ozmmKHCfw==`/CRX/Standard/RHAAOER8L4ZJA1IE83KXQ5ID0 |select * from `xUlY7tmoE47siU9STgk5tQ==` where `iN49D6GC5guPO1NwQkZ9KQ==` = `AuB2TA3mu8RP9ozmmKHCfw==`/CRX/Standard/RHAAOER8L4ZJA1IE83KXQ5ID0 
1514083379272|3703|statement|connection 0|select * from `xUlY7tmoE47siU9STgk5tQ==` where `iN49D6GC5guPO1NwQkZ9KQ==` = '1271610475~1271614708~1271600973~1271572403~1271619599~1271564121~1271618804~1271356885~1271461464~1271506137~1271531757~1271356885~1271507261~1271618804~1271555003~1271600835~1271572403~1271555003~1271614708~1271572403~1271356885~1271506137~1271478507~1271450995~1271450995~1271499755~1271463977~1271506137~1271397161~1271484724~1271376491~1271534840~1271483956~1271450995~1271361455~1271483883~1271463977~1271397161~1271363058~1271484266~1271531757~1271500268~1271384333~1271483883~1271462254~1271357932' |select * from `xUlY7tmoE47siU9STgk5tQ==` where `iN49D6GC5guPO1NwQkZ9KQ==` = '1271610475~1271614708~1271600973~1271572403~1271619599~1271564121~1271618804~1271356885~1271461464~1271506137~1271531757~1271356885~1271507261~1271618804~1271555003~1271600835~1271572403~1271555003~1271614708~1271572403~1271356885~1271506137~1271478507~1271450995~1271450995~1271499755~1271463977~1271506137~1271397161~1271484724~1271376491~1271534840~1271483956~1271450995~1271361455~1271483883~1271463977~1271397161~1271363058~1271484266~1271531757~1271500268~1271384333~1271483883~1271462254~1271357932' 
1514083491952|3553|statement|connection 0|select * from `xUlY7tmoE47siU9STgk5tQ==` where `iN49D6GC5guPO1NwQkZ9KQ==` = '1271610475~1271614708~1271600973~1271572403~1271619599~1271564121~1271618804~1271356885~1271461464~1271506137~1271531757~1271356885~1271507261~1271618804~1271555003~1271600835~1271572403~1271555003~1271614708~1271572403~1271356885~1271506137~1271478507~1271450995~1271450995~1271499755~1271463977~1271506137~1271397161~1271484724~1271376491~1271534840~1271483956~1271450995~1271361455~1271483883~1271463977~1271397161~1271363058~1271484266~1271531757~1271500268~1271384333~1271483883~1271462254~1271357932' |select * from `xUlY7tmoE47siU9STgk5tQ==` where `iN49D6GC5guPO1NwQkZ9KQ==` = '1271610475~1271614708~1271600973~1271572403~1271619599~1271564121~1271618804~1271356885~1271461464~1271506137~1271531757~1271356885~1271507261~1271618804~1271555003~1271600835~1271572403~1271555003~1271614708~1271572403~1271356885~1271506137~1271478507~1271450995~1271450995~1271499755~1271463977~1271506137~1271397161~1271484724~1271376491~1271534840~1271483956~1271450995~1271361455~1271483883~1271463977~1271397161~1271363058~1271484266~1271531757~1271500268~1271384333~1271483883~1271462254~1271357932' 
1514083991892|3806|statement|connection 0|select * from "xUlY7tmoE47siU9STgk5tQ==" where "iN49D6GC5guPO1NwQkZ9KQ==" = '1271610475~1271614708~1271600973~1271572403~1271619599~1271564121~1271618804~1271356885~1271461464~1271506137~1271531757~1271356885~1271507261~1271618804~1271555003~1271600835~1271572403~1271555003~1271614708~1271572403~1271356885~1271506137~1271478507~1271450995~1271450995~1271499755~1271463977~1271506137~1271397161~1271484724~1271376491~1271534840~1271483956~1271450995~1271361455~1271483883~1271463977~1271397161~1271363058~1271484266~1271531757~1271500268~1271384333~1271483883~1271462254~1271357932' |select * from "xUlY7tmoE47siU9STgk5tQ==" where "iN49D6GC5guPO1NwQkZ9KQ==" = '1271610475~1271614708~1271600973~1271572403~1271619599~1271564121~1271618804~1271356885~1271461464~1271506137~1271531757~1271356885~1271507261~1271618804~1271555003~1271600835~1271572403~1271555003~1271614708~1271572403~1271356885~1271506137~1271478507~1271450995~1271450995~1271499755~1271463977~1271506137~1271397161~1271484724~1271376491~1271534840~1271483956~1271450995~1271361455~1271483883~1271463977~1271397161~1271363058~1271484266~1271531757~1271500268~1271384333~1271483883~1271462254~1271357932' 
1514084020328|3776|statement|connection 0|select * from "xUlY7tmoE47siU9STgk5tQ==" where "iN49D6GC5guPO1NwQkZ9KQ==" = '1271610475~1271614708~1271600973~1271572403~1271619599~1271564121~1271618804~1271356885~1271461464~1271506137~1271531757~1271356885~1271507261~1271618804~1271555003~1271600835~1271572403~1271555003~1271614708~1271572403~1271356885~1271506137~1271478507~1271450995~1271450995~1271499755~1271463977~1271506137~1271397161~1271484724~1271376491~1271534840~1271483956~1271450995~1271361455~1271483883~1271463977~1271397161~1271363058~1271484266~1271531757~1271500268~1271384333~1271483883~1271462254~1271357932' |select * from "xUlY7tmoE47siU9STgk5tQ==" where "iN49D6GC5guPO1NwQkZ9KQ==" = '1271610475~1271614708~1271600973~1271572403~1271619599~1271564121~1271618804~1271356885~1271461464~1271506137~1271531757~1271356885~1271507261~1271618804~1271555003~1271600835~1271572403~1271555003~1271614708~1271572403~1271356885~1271506137~1271478507~1271450995~1271450995~1271499755~1271463977~1271506137~1271397161~1271484724~1271376491~1271534840~1271483956~1271450995~1271361455~1271483883~1271463977~1271397161~1271363058~1271484266~1271531757~1271500268~1271384333~1271483883~1271462254~1271357932' 
1514084148003|153|statement|connection 0|select * from "xUlY7tmoE47siU9STgk5tQ==" where "iN49D6GC5guPO1NwQkZ9KQ==" = ?|select * from "xUlY7tmoE47siU9STgk5tQ==" where "iN49D6GC5guPO1NwQkZ9KQ==" = 'product/CRX/Standard/RHAAOER8L4ZJA1IE83KXQ5ID0'
1514084175153|150|statement|connection 0|select * from "xUlY7tmoE47siU9STgk5tQ==" where "iN49D6GC5guPO1NwQkZ9KQ==" = ?|select * from "xUlY7tmoE47siU9STgk5tQ==" where "iN49D6GC5guPO1NwQkZ9KQ==" = 'product/CRX/Standard/RHAAOER8L4ZJA1IE83KXQ5ID0'
1514084224216|176|statement|connection 0|select * from "xUlY7tmoE47siU9STgk5tQ==" where "iN49D6GC5guPO1NwQkZ9KQ==" = ?|select * from "xUlY7tmoE47siU9STgk5tQ==" where "iN49D6GC5guPO1NwQkZ9KQ==" = 'product/CRX/Standard/RHAAOER8L4ZJA1IE83KXQ5ID0'
1514084341702|169|statement|connection 0|select * from "xUlY7tmoE47siU9STgk5tQ==" where "iN49D6GC5guPO1NwQkZ9KQ==" = ?|select * from "xUlY7tmoE47siU9STgk5tQ==" where "iN49D6GC5guPO1NwQkZ9KQ==" = 'product/CRX/Standard/RHAAOER8L4ZJA1IE83KXQ5ID0'
1514250204633|307|statement|connection 0|select * from "xUlY7tmoE47siU9STgk5tQ==" where "iN49D6GC5guPO1NwQkZ9KQ==" = ?|select * from "xUlY7tmoE47siU9STgk5tQ==" where "iN49D6GC5guPO1NwQkZ9KQ==" = 'product/CRX/Standard/RHAAOER8L4ZJA1IE83KXQ5ID0'
1514250269618|199|statement|connection 0|select * from "xUlY7tmoE47siU9STgk5tQ==" where "iN49D6GC5guPO1NwQkZ9KQ==" = ?|select * from "xUlY7tmoE47siU9STgk5tQ==" where "iN49D6GC5guPO1NwQkZ9KQ==" = 'product/CRX/Standard/RHAAOER8L4ZJA1IE83KXQ5ID0'
1514250275379|187|statement|connection 0|select * from "xUlY7tmoE47siU9STgk5tQ==" where "iN49D6GC5guPO1NwQkZ9KQ==" = ?|select * from "xUlY7tmoE47siU9STgk5tQ==" where "iN49D6GC5guPO1NwQkZ9KQ==" = 'product/CRX/Standard/RHAAOER8L4ZJA1IE83KXQ5ID0'
1514250444627|201|statement|connection 0|select * from "xUlY7tmoE47siU9STgk5tQ==" where "iN49D6GC5guPO1NwQkZ9KQ==" = ?|select * from "xUlY7tmoE47siU9STgk5tQ==" where "iN49D6GC5guPO1NwQkZ9KQ==" = 'product/CRX/Standard/RHAAOER8L4ZJA1IE83KXQ5ID0'
1514250817391|213|statement|connection 0|select * from "xUlY7tmoE47siU9STgk5tQ==" where "iN49D6GC5guPO1NwQkZ9KQ==" = ?|select * from "xUlY7tmoE47siU9STgk5tQ==" where "iN49D6GC5guPO1NwQkZ9KQ==" = 'product/CRX/Standard/RHAAOER8L4ZJA1IE83KXQ5ID0'
1514295029142|221|statement|connection 0|select * from "xUlY7tmoE47siU9STgk5tQ==" where "iN49D6GC5guPO1NwQkZ9KQ==" = ?|select * from "xUlY7tmoE47siU9STgk5tQ==" where "iN49D6GC5guPO1NwQkZ9KQ==" = 'product/CRX/Standard/RHAAOER8L4ZJA1IE83KXQ5ID0'
1514295075703|256|statement|connection 0|select * from "xUlY7tmoE47siU9STgk5tQ==" where "iN49D6GC5guPO1NwQkZ9KQ==" = ?|select * from "xUlY7tmoE47siU9STgk5tQ==" where "iN49D6GC5guPO1NwQkZ9KQ==" = 'product/CRX/Standard/RHAAOER8L4ZJA1IE83KXQ5ID0'
1514295626624|233|statement|connection 0|select * from "xUlY7tmoE47siU9STgk5tQ==" where "iN49D6GC5guPO1NwQkZ9KQ==" = ?|select * from "xUlY7tmoE47siU9STgk5tQ==" where "iN49D6GC5guPO1NwQkZ9KQ==" = 'product/CRX/Standard/RHAAOER8L4ZJA1IE83KXQ5ID0'
1514296871426|208|statement|connection 0|select * from "xUlY7tmoE47siU9STgk5tQ==" where "iN49D6GC5guPO1NwQkZ9KQ==" = ?|select * from "xUlY7tmoE47siU9STgk5tQ==" where "iN49D6GC5guPO1NwQkZ9KQ==" = 'product/CRX/Standard/RHAAOER8L4ZJA1IE83KXQ5ID0'
1514824319144|187|statement|connection 0|select * from "xUlY7tmoE47siU9STgk5tQ==" where "iN49D6GC5guPO1NwQkZ9KQ==" = ?|select * from "xUlY7tmoE47siU9STgk5tQ==" where "iN49D6GC5guPO1NwQkZ9KQ==" = 'product/CRX/Standard/RHAAOER8L4ZJA1IE83KXQ5ID0'
1514824365353|185|statement|connection 0|select * from "xUlY7tmoE47siU9STgk5tQ==" where "iN49D6GC5guPO1NwQkZ9KQ==" = ?|select * from "xUlY7tmoE47siU9STgk5tQ==" where "iN49D6GC5guPO1NwQkZ9KQ==" = 'product/CRX/Standard/RHAAOER8L4ZJA1IE83KXQ5ID0'
